Flow report for DE2_115_Basic_Computer
Sat Nov 23 15:26:08 2019
Quartus Prime Version 18.1.0 Build 625 09/12/2018 SJ Lite Edition


---------------------
; Table of Contents ;
---------------------
  1. Legal Notice
  2. Flow Summary
  3. Flow Settings
  4. Flow Non-Default Global Settings
  5. Flow Elapsed Time
  6. Flow OS Summary
  7. Flow Log
  8. Flow Messages
  9. Flow Suppressed Messages



----------------
; Legal Notice ;
----------------
Copyright (C) 2018  Intel Corporation. All rights reserved.
Your use of Intel Corporation's design tools, logic functions 
and other software and tools, and its AMPP partner logic 
functions, and any output files from any of the foregoing 
(including device programming or simulation files), and any 
associated documentation or information are expressly subject 
to the terms and conditions of the Intel Program License 
Subscription Agreement, the Intel Quartus Prime License Agreement,
the Intel FPGA IP License Agreement, or other applicable license
agreement, including, without limitation, that your use is for
the sole purpose of programming logic devices manufactured by
Intel and sold by Intel or its authorized distributors.  Please
refer to the applicable agreement for further details.



+----------------------------------------------------------------------------------+
; Flow Summary                                                                     ;
+------------------------------------+---------------------------------------------+
; Flow Status                        ; Successful - Sat Nov 23 15:25:55 2019       ;
; Quartus Prime Version              ; 18.1.0 Build 625 09/12/2018 SJ Lite Edition ;
; Revision Name                      ; DE2_115_Basic_Computer                      ;
; Top-level Entity Name              ; DE2_115_Basic_Computer                      ;
; Family                             ; Cyclone IV E                                ;
; Device                             ; EP4CE115F29C8                               ;
; Timing Models                      ; Final                                       ;
; Total logic elements               ; 11,397 / 114,480 ( 10 % )                   ;
;     Total combinational functions  ; 10,220 / 114,480 ( 9 % )                    ;
;     Dedicated logic registers      ; 6,770 / 114,480 ( 6 % )                     ;
; Total registers                    ; 7131                                        ;
; Total pins                         ; 242 / 529 ( 46 % )                          ;
; Total virtual pins                 ; 0                                           ;
; Total memory bits                  ; 15,161 / 3,981,312 ( < 1 % )                ;
; Embedded Multiplier 9-bit elements ; 7 / 532 ( 1 % )                             ;
; Total PLLs                         ; 1 / 4 ( 25 % )                              ;
+------------------------------------+---------------------------------------------+


+--------------------------------------------+
; Flow Settings                              ;
+-------------------+------------------------+
; Option            ; Setting                ;
+-------------------+------------------------+
; Start date & time ; 11/23/2019 15:22:31    ;
; Main task         ; Compilation            ;
; Revision Name     ; DE2_115_Basic_Computer ;
+-------------------+------------------------+


+----------------------------------------------------------------------------------------------------------------------------------------------------+
; Flow Non-Default Global Settings                                                                                                                   ;
+-------------------------------------+---------------------------------------------------------------+---------------+-------------+----------------+
; Assignment Name                     ; Value                                                         ; Default Value ; Entity Name ; Section Id     ;
+-------------------------------------+---------------------------------------------------------------+---------------+-------------+----------------+
; COMPILER_SIGNATURE_ID               ; 192100212181067.157454415112384                               ; --            ; --          ; --             ;
; MAX_CORE_JUNCTION_TEMP              ; 85                                                            ; --            ; --          ; --             ;
; MIN_CORE_JUNCTION_TEMP              ; 0                                                             ; --            ; --          ; --             ;
; MISC_FILE                           ; nios_system/synthesis/../nios_system.cmp                      ; --            ; --          ; --             ;
; MISC_FILE                           ; nios_system/synthesis/../../nios_system.qsys                  ; --            ; --          ; --             ;
; PARTITION_COLOR                     ; -- (Not supported for targeted family)                        ; --            ; --          ; Top            ;
; PARTITION_FITTER_PRESERVATION_LEVEL ; -- (Not supported for targeted family)                        ; --            ; --          ; Top            ;
; PARTITION_NETLIST_TYPE              ; -- (Not supported for targeted family)                        ; --            ; --          ; Top            ;
; POWER_BOARD_THERMAL_MODEL           ; None (CONSERVATIVE)                                           ; --            ; --          ; --             ;
; POWER_PRESET_COOLING_SOLUTION       ; 23 MM HEAT SINK WITH 200 LFPM AIRFLOW                         ; --            ; --          ; --             ;
; SLD_FILE                            ; nios_system/synthesis/nios_system.regmap                      ; --            ; --          ; --             ;
; SLD_FILE                            ; nios_system/synthesis/nios_system.debuginfo                   ; --            ; --          ; --             ;
; SLD_INFO                            ; QSYS_NAME nios_system HAS_SOPCINFO 1 GENERATION_ID 1574544043 ; --            ; nios_system ; --             ;
; SOPCINFO_FILE                       ; nios_system/synthesis/../../nios_system.sopcinfo              ; --            ; --          ; --             ;
; SYNTHESIS_ONLY_QIP                  ; On                                                            ; --            ; --          ; --             ;
; USE_GENERATED_PHYSICAL_CONSTRAINTS  ; Off                                                           ; --            ; --          ; eda_blast_fpga ;
+-------------------------------------+---------------------------------------------------------------+---------------+-------------+----------------+


+--------------------------------------------------------------------------------------------------------------------------+
; Flow Elapsed Time                                                                                                        ;
+----------------------+--------------+-------------------------+---------------------+------------------------------------+
; Module Name          ; Elapsed Time ; Average Processors Used ; Peak Virtual Memory ; Total CPU Time (on all processors) ;
+----------------------+--------------+-------------------------+---------------------+------------------------------------+
; Analysis & Synthesis ; 00:01:37     ; 1.0                     ; 5153 MB             ; 00:02:02                           ;
; Fitter               ; 00:01:25     ; 1.0                     ; 5630 MB             ; 00:01:46                           ;
; Assembler            ; 00:00:07     ; 1.0                     ; 4753 MB             ; 00:00:06                           ;
; Timing Analyzer      ; 00:00:11     ; 1.2                     ; 4998 MB             ; 00:00:11                           ;
; Total                ; 00:03:20     ; --                      ; --                  ; 00:04:05                           ;
+----------------------+--------------+-------------------------+---------------------+------------------------------------+


+------------------------------------------------------------------------------------+
; Flow OS Summary                                                                    ;
+----------------------+------------------+------------+------------+----------------+
; Module Name          ; Machine Hostname ; OS Name    ; OS Version ; Processor type ;
+----------------------+------------------+------------+------------+----------------+
; Analysis & Synthesis ; MatthewXPS7th    ; Windows 10 ; 10.0       ; x86_64         ;
; Fitter               ; MatthewXPS7th    ; Windows 10 ; 10.0       ; x86_64         ;
; Assembler            ; MatthewXPS7th    ; Windows 10 ; 10.0       ; x86_64         ;
; Timing Analyzer      ; MatthewXPS7th    ; Windows 10 ; 10.0       ; x86_64         ;
+----------------------+------------------+------------+------------+----------------+


------------
; Flow Log ;
------------
quartus_map --read_settings_files=on --write_settings_files=off DE2_115_Basic_Computer -c DE2_115_Basic_Computer
quartus_fit --read_settings_files=off --write_settings_files=off DE2_115_Basic_Computer -c DE2_115_Basic_Computer
quartus_asm --read_settings_files=off --write_settings_files=off DE2_115_Basic_Computer -c DE2_115_Basic_Computer
quartus_sta DE2_115_Basic_Computer -c DE2_115_Basic_Computer



