Assembler report for DE2_115_Basic_Computer
Sat Nov 23 15:25:55 2019
Quartus Prime Version 18.1.0 Build 625 09/12/2018 SJ Lite Edition


---------------------
; Table of Contents ;
---------------------
  1. Legal Notice
  2. Assembler Summary
  3. Assembler Settings
  4. Assembler Encrypted IP Cores Summary
  5. Assembler Generated Files
  6. Assembler Device Options: C:/Users/Matthew/Documents/GitHub/string-hw-accelerator-nios2/DE2-115_Basic_Computer/verilog/DE2_115_Basic_Computer.sof
  7. Assembler Device Options: C:/Users/Matthew/Documents/GitHub/string-hw-accelerator-nios2/DE2-115_Basic_Computer/verilog/DE2_115_Basic_Computer.pof
  8. Assembler Messages



----------------
; Legal Notice ;
----------------
Copyright (C) 2018  Intel Corporation. All rights reserved.
Your use of Intel Corporation's design tools, logic functions 
and other software and tools, and its AMPP partner logic 
functions, and any output files from any of the foregoing 
(including device programming or simulation files), and any 
associated documentation or information are expressly subject 
to the terms and conditions of the Intel Program License 
Subscription Agreement, the Intel Quartus Prime License Agreement,
the Intel FPGA IP License Agreement, or other applicable license
agreement, including, without limitation, that your use is for
the sole purpose of programming logic devices manufactured by
Intel and sold by Intel or its authorized distributors.  Please
refer to the applicable agreement for further details.



+---------------------------------------------------------------+
; Assembler Summary                                             ;
+-----------------------+---------------------------------------+
; Assembler Status      ; Successful - Sat Nov 23 15:25:55 2019 ;
; Revision Name         ; DE2_115_Basic_Computer                ;
; Top-level Entity Name ; DE2_115_Basic_Computer                ;
; Family                ; Cyclone IV E                          ;
; Device                ; EP4CE115F29C8                         ;
+-----------------------+---------------------------------------+


+----------------------------------+
; Assembler Settings               ;
+--------+---------+---------------+
; Option ; Setting ; Default Value ;
+--------+---------+---------------+


+------------------------------------------------+
; Assembler Encrypted IP Cores Summary           ;
+--------+------------------------+--------------+
; Vendor ; IP Core Name           ; License Type ;
+--------+------------------------+--------------+
; Altera ; Signal Tap (6AF7 BCE1) ; Licensed     ;
; Altera ; Signal Tap (6AF7 BCEC) ; Licensed     ;
+--------+------------------------+--------------+


+-------------------------------------------------------------------------------------------------------------------------+
; Assembler Generated Files                                                                                               ;
+-------------------------------------------------------------------------------------------------------------------------+
; File Name                                                                                                               ;
+-------------------------------------------------------------------------------------------------------------------------+
; C:/Users/Matthew/Documents/GitHub/string-hw-accelerator-nios2/DE2-115_Basic_Computer/verilog/DE2_115_Basic_Computer.sof ;
; C:/Users/Matthew/Documents/GitHub/string-hw-accelerator-nios2/DE2-115_Basic_Computer/verilog/DE2_115_Basic_Computer.pof ;
+-------------------------------------------------------------------------------------------------------------------------+


+---------------------------------------------------------------------------------------------------------------------------------------------------+
; Assembler Device Options: C:/Users/Matthew/Documents/GitHub/string-hw-accelerator-nios2/DE2-115_Basic_Computer/verilog/DE2_115_Basic_Computer.sof ;
+----------------+----------------------------------------------------------------------------------------------------------------------------------+
; Option         ; Setting                                                                                                                          ;
+----------------+----------------------------------------------------------------------------------------------------------------------------------+
; JTAG usercode  ; 0x00C858C2                                                                                                                       ;
; Checksum       ; 0x00C858C2                                                                                                                       ;
+----------------+----------------------------------------------------------------------------------------------------------------------------------+


+---------------------------------------------------------------------------------------------------------------------------------------------------+
; Assembler Device Options: C:/Users/Matthew/Documents/GitHub/string-hw-accelerator-nios2/DE2-115_Basic_Computer/verilog/DE2_115_Basic_Computer.pof ;
+--------------------+------------------------------------------------------------------------------------------------------------------------------+
; Option             ; Setting                                                                                                                      ;
+--------------------+------------------------------------------------------------------------------------------------------------------------------+
; JTAG usercode      ; 0x00000000                                                                                                                   ;
; Checksum           ; 0x707918A0                                                                                                                   ;
; Compression Ratio  ; 3                                                                                                                            ;
+--------------------+------------------------------------------------------------------------------------------------------------------------------+


+--------------------+
; Assembler Messages ;
+--------------------+
Info: *******************************************************************
Info: Running Quartus Prime Assembler
    Info: Version 18.1.0 Build 625 09/12/2018 SJ Lite Edition
    Info: Processing started: Sat Nov 23 15:25:48 2019
Info: Command: quartus_asm --read_settings_files=off --write_settings_files=off DE2_115_Basic_Computer -c DE2_115_Basic_Computer
Warning (125092): Tcl Script File sdram_pll.qip not found
    Info (125063): set_global_assignment -name QIP_FILE sdram_pll.qip
Warning (18236): Number of processors has not been specified which may cause overloading on shared machines.  Set the global assignment NUM_PARALLEL_PROCESSORS in your QSF to an appropriate value for best performance.
Info (115031): Writing out detailed assembly data for power analysis
Info (115030): Assembler is generating device programming files
Info: Quartus Prime Assembler was successful. 0 errors, 2 warnings
    Info: Peak virtual memory: 4753 megabytes
    Info: Processing ended: Sat Nov 23 15:25:56 2019
    Info: Elapsed time: 00:00:08
    Info: Total CPU time (on all processors): 00:00:06


